<?xml version="1.0" encoding="UTF-8"?>
<testsuite name="gov.nasa.jpl.mbee.mdk.util.UtilsTest" tests="27" skipped="0" failures="0" errors="0"
           timestamp="2017-05-16T00:09:07" hostname="LMC-055004" time="13.449">
    <properties/>
    <testcase name="_utils_getViewpointStereotype" classname="gov.nasa.jpl.mbee.mdk.util.UtilsTest" time="1.562"/>
    <testcase name="_utils_getAspectStereotype" classname="gov.nasa.jpl.mbee.mdk.util.UtilsTest" time="0.88"/>
    <testcase name="_utils_getGeneratedFromElementProperty" classname="gov.nasa.jpl.mbee.mdk.util.UtilsTest"
              time="0.771"/>
    <testcase name="_utils_getProjectStaffStereotype" classname="gov.nasa.jpl.mbee.mdk.util.UtilsTest" time="0.769"/>
    <testcase name="_utils_getPrecedesStereotype" classname="gov.nasa.jpl.mbee.mdk.util.UtilsTest" time="0.422"/>
    <testcase name="_utils_getElementGroupStereotype" classname="gov.nasa.jpl.mbee.mdk.util.UtilsTest" time="0.419"/>
    <testcase name="_utils_getViewElementsProperty" classname="gov.nasa.jpl.mbee.mdk.util.UtilsTest" time="0.528"/>
    <testcase name="_utils_getConformsStereotype" classname="gov.nasa.jpl.mbee.mdk.util.UtilsTest" time="0.399"/>
    <testcase name="_utils_getExposeStereotype" classname="gov.nasa.jpl.mbee.mdk.util.UtilsTest" time="0.385"/>
    <testcase name="_utils_getDirectedConnectorStereotype" classname="gov.nasa.jpl.mbee.mdk.util.UtilsTest"
              time="0.553"/>
    <testcase name="_utils_getTicketStereotype" classname="gov.nasa.jpl.mbee.mdk.util.UtilsTest" time="0.456"/>
    <testcase name="_utils_getDocumentStereotype" classname="gov.nasa.jpl.mbee.mdk.util.UtilsTest" time="0.434"/>
    <testcase name="_utils_getCharacterizesStereotype" classname="gov.nasa.jpl.mbee.mdk.util.UtilsTest" time="0.29"/>
    <testcase name="_utils_getConcursStereotype" classname="gov.nasa.jpl.mbee.mdk.util.UtilsTest" time="0.42"/>
    <testcase name="_utils_getCommentStereotype" classname="gov.nasa.jpl.mbee.mdk.util.UtilsTest" time="0.434"/>
    <testcase name="_utils_get18ExposeStereotype" classname="gov.nasa.jpl.mbee.mdk.util.UtilsTest" time="0.574"/>
    <testcase name="_utils_getProductStereotype" classname="gov.nasa.jpl.mbee.mdk.util.UtilsTest" time="0.507"/>
    <testcase name="_utils_getPresentsStereotype" classname="gov.nasa.jpl.mbee.mdk.util.UtilsTest" time="0.543"/>
    <testcase name="_utils_getRoleStereotype" classname="gov.nasa.jpl.mbee.mdk.util.UtilsTest" time="0.334"/>
    <testcase name="_utils_getApprovesStereotype" classname="gov.nasa.jpl.mbee.mdk.util.UtilsTest" time="0.291"/>
    <testcase name="_utils_getJobStereotype" classname="gov.nasa.jpl.mbee.mdk.util.UtilsTest" time="0.455"/>
    <testcase name="_utils_getViewClassStereotype" classname="gov.nasa.jpl.mbee.mdk.util.UtilsTest" time="0.435"/>
    <testcase name="_utils_getSiteCharacterizationComponent" classname="gov.nasa.jpl.mbee.mdk.util.UtilsTest"
              time="0.28"/>
    <testcase name="_utils_getAccountableForStereotype" classname="gov.nasa.jpl.mbee.mdk.util.UtilsTest" time="0.287"/>
    <testcase name="_utils_getViewStereotype" classname="gov.nasa.jpl.mbee.mdk.util.UtilsTest" time="0.279"/>
    <testcase name="_utils_getGeneratedFromViewProperty" classname="gov.nasa.jpl.mbee.mdk.util.UtilsTest" time="0.448"/>
    <testcase name="_utils_getSysML14ConformsStereotype" classname="gov.nasa.jpl.mbee.mdk.util.UtilsTest" time="0.285"/>
    <system-out><![CDATA[BUILD:20170426_0638-490c6324
Max Memory: 3641 MiB.
FL_EDITION=18.5
FL_FORCE_USAGE=true
FL_SERVER_ADDRESS=cae-lic04.jpl.nasa.gov
FL_SERVER_PORT=1101
LOCALCONFIG=true
WINCONFIG=true
awt.toolkit=sun.lwawt.macosx.LWCToolkit
com.nomagic.magicdraw.launcher=worker.org.gradle.process.internal.worker.GradleWorkerMain
com.nomagic.osgi.config.dir=configuration
com.sun.media.imageio.disableCodecLib=true
debug.dir=/Users/igomes/.magicdraw-test/18.5/
debug.properties.file=test.properties
eclipse.application=com.nomagic.magicdraw.application
eclipse.consoleLog=true
eclipse.home.location=file:/Users/igomes/mdk/build/install/lib/bundles/
eclipse.p2.data.area=@config.dir/../p2
eclipse.p2.profile=DefaultProfile
eclipse.stateSaveDelayInterval=30000
equinox.use.ds=true
esi.system.config=data/application.conf
file.encoding=UTF-8
file.encoding.pkg=sun.io
file.separator=/
gopherProxySet=false
gosh.args=--nointeractive
install.root=/Users/igomes/mdk/build/install/
java.awt.graphicsenv=sun.awt.CGraphicsEnvironment
java.awt.printerjob=sun.lwawt.macosx.CPrinterJob
java.class.path=/Users/igomes/mdk/build/libs/mdk-3.0.0-rc5-SNAPSHOT-tests-hack.jar:file:/Users/igomes/.gradle/wrapper/dists/gradle-3.1-all/ejgglywf033yp6s4x8ahmgm74/gradle-3.1/lib/gradle-core-3.1.jar:file:/Users/igomes/.gradle/wrapper/dists/gradle-3.1-all/ejgglywf033yp6s4x8ahmgm74/gradle-3.1/lib/gradle-logging-3.1.jar:file:/Users/igomes/.gradle/wrapper/dists/gradle-3.1-all/ejgglywf033yp6s4x8ahmgm74/gradle-3.1/lib/gradle-messaging-3.1.jar:file:/Users/igomes/.gradle/wrapper/dists/gradle-3.1-all/ejgglywf033yp6s4x8ahmgm74/gradle-3.1/lib/gradle-base-services-3.1.jar:file:/Users/igomes/.gradle/wrapper/dists/gradle-3.1-all/ejgglywf033yp6s4x8ahmgm74/gradle-3.1/lib/gradle-cli-3.1.jar:file:/Users/igomes/.gradle/wrapper/dists/gradle-3.1-all/ejgglywf033yp6s4x8ahmgm74/gradle-3.1/lib/gradle-native-3.1.jar:file:/Users/igomes/.gradle/wrapper/dists/gradle-3.1-all/ejgglywf033yp6s4x8ahmgm74/gradle-3.1/lib/plugins/gradle-testing-base-3.1.jar:file:/Users/igomes/.gradle/wrapper/dists/gradle-3.1-all/ejgglywf033yp6s4x8ahmgm74/gradle-3.1/lib/plugins/gradle-testing-jvm-3.1.jar:file:/Users/igomes/.gradle/wrapper/dists/gradle-3.1-all/ejgglywf033yp6s4x8ahmgm74/gradle-3.1/lib/guava-jdk5-17.0.jar:file:/Users/igomes/.gradle/wrapper/dists/gradle-3.1-all/ejgglywf033yp6s4x8ahmgm74/gradle-3.1/lib/slf4j-api-1.7.10.jar:file:/Users/igomes/.gradle/wrapper/dists/gradle-3.1-all/ejgglywf033yp6s4x8ahmgm74/gradle-3.1/lib/jul-to-slf4j-1.7.10.jar:file:/Users/igomes/.gradle/wrapper/dists/gradle-3.1-all/ejgglywf033yp6s4x8ahmgm74/gradle-3.1/lib/native-platform-0.11.jar:file:/Users/igomes/.gradle/wrapper/dists/gradle-3.1-all/ejgglywf033yp6s4x8ahmgm74/gradle-3.1/lib/kryo-2.20.jar:file:/Users/igomes/.gradle/wrapper/dists/gradle-3.1-all/ejgglywf033yp6s4x8ahmgm74/gradle-3.1/lib/commons-lang-2.6.jar:file:/Users/igomes/.gradle/wrapper/dists/gradle-3.1-all/ejgglywf033yp6s4x8ahmgm74/gradle-3.1/lib/plugins/junit-4.12.jar:/Users/igomes/mdk/build/libs/mdk-3.0.0-rc5-SNAPSHOT-tests-hack.jar:/Users/igomes/mdk/build/generated-dist/plugins/gov.nasa.jpl.cae.magicdraw.mdk/activemq-all-5.9.1.jar:/Users/igomes/mdk/build/generated-dist/plugins/gov.nasa.jpl.cae.magicdraw.mdk/btf-1.2.jar:/Users/igomes/mdk/build/generated-dist/plugins/gov.nasa.jpl.cae.magicdraw.mdk/commons-codec-1.9.jar:/Users/igomes/mdk/build/generated-dist/plugins/gov.nasa.jpl.cae.magicdraw.mdk/commons-io-1.3.2.jar:/Users/igomes/mdk/build/generated-dist/plugins/gov.nasa.jpl.cae.magicdraw.mdk/commons-logging-1.2.jar:/Users/igomes/mdk/build/generated-dist/plugins/gov.nasa.jpl.cae.magicdraw.mdk/guava-16.0.1.jar:/Users/igomes/mdk/build/generated-dist/plugins/gov.nasa.jpl.cae.magicdraw.mdk/httpclient-4.5.2.jar:/Users/igomes/mdk/build/generated-dist/plugins/gov.nasa.jpl.cae.magicdraw.mdk/httpcore-4.4.4.jar:/Users/igomes/mdk/build/generated-dist/plugins/gov.nasa.jpl.cae.magicdraw.mdk/httpmime-4.5.2.jar:/Users/igomes/mdk/build/generated-dist/plugins/gov.nasa.jpl.cae.magicdraw.mdk/jackson-annotations-2.8.0.jar:/Users/igomes/mdk/build/generated-dist/plugins/gov.nasa.jpl.cae.magicdraw.mdk/jackson-core-2.8.3.jar:/Users/igomes/mdk/build/generated-dist/plugins/gov.nasa.jpl.cae.magicdraw.mdk/jackson-coreutils-1.6.jar:/Users/igomes/mdk/build/generated-dist/plugins/gov.nasa.jpl.cae.magicdraw.mdk/jackson-databind-2.8.3.jar:/Users/igomes/mdk/build/generated-dist/plugins/gov.nasa.jpl.cae.magicdraw.mdk/jgrapht-0.8.3.jar:/Users/igomes/mdk/build/generated-dist/plugins/gov.nasa.jpl.cae.magicdraw.mdk/json-patch-1.13.jar:/Users/igomes/mdk/build/generated-dist/plugins/gov.nasa.jpl.cae.magicdraw.mdk/json-simple-1.1.jar:/Users/igomes/mdk/build/generated-dist/plugins/gov.nasa.jpl.cae.magicdraw.mdk/jsoup-1.6.1.jar:/Users/igomes/mdk/build/generated-dist/plugins/gov.nasa.jpl.cae.magicdraw.mdk/jsr305-2.0.1.jar:/Users/igomes/mdk/build/generated-dist/plugins/gov.nasa.jpl.cae.magicdraw.mdk/log4j-1.2.17.jar:/Users/igomes/mdk/build/generated-dist/plugins/gov.nasa.jpl.cae.magicdraw.mdk/lpg.runtime.java_2.0.17.v201004271640.jar:/Users/igomes/mdk/build/generated-dist/plugins/gov.nasa.jpl.cae.magicdraw.mdk/mdk-3.0.0-rc5-SNAPSHOT.jar:/Users/igomes/mdk/build/generated-dist/plugins/gov.nasa.jpl.cae.magicdraw.mdk/msg-simple-1.1.jar:/Users/igomes/mdk/build/generated-dist/plugins/gov.nasa.jpl.cae.magicdraw.mdk/opencsv-2.3.jar:/Users/igomes/mdk/build/generated-dist/plugins/gov.nasa.jpl.cae.magicdraw.mdk/org.eclipse.ocl.common.ui_1.3.100.v20160613-1351.jar:/Users/igomes/mdk/build/generated-dist/plugins/gov.nasa.jpl.cae.magicdraw.mdk/org.eclipse.ocl.common_1.4.100.v20160613-1351.jar:/Users/igomes/mdk/build/generated-dist/plugins/gov.nasa.jpl.cae.magicdraw.mdk/org.eclipse.ocl.ecore_3.6.100.v20160613-1351.jar:/Users/igomes/mdk/build/generated-dist/plugins/gov.nasa.jpl.cae.magicdraw.mdk/org.eclipse.ocl_3.6.100.v20160613-1351.jar:/Users/igomes/mdk/build/generated-dist/plugins/gov.nasa.jpl.cae.magicdraw.mdk/slf4j-api-1.7.2.jar:/Users/igomes/mdk/build/generated-dist/plugins/gov.nasa.jpl.cae.magicdraw.mdk/slf4j-log4j12-1.7.2.jar:/Users/igomes/mdk/build/generated-dist/plugins/gov.nasa.jpl.cae.magicdraw.mdk/swingx-all-1.6.4.jar:/Users/igomes/mdk/build/install/lib/patch.jar:/Users/igomes/mdk/build/install/lib/md.jar:/Users/igomes/mdk/build/install/lib/md_api.jar:/Users/igomes/mdk/build/install/lib/md_common.jar:/Users/igomes/mdk/build/install/lib/md_common_api.jar:/Users/igomes/mdk/build/install/lib/md_common_test.jar:/Users/igomes/mdk/build/install/lib/tw_common.jar:/Users/igomes/mdk/build/install/lib/tw_common_api.jar:/Users/igomes/mdk/build/install/lib/launcher.jar:/Users/igomes/mdk/build/install/lib/activation.jar:/Users/igomes/mdk/build/install/lib/annotation.jar:/Users/igomes/mdk/build/install/lib/batik.jar:/Users/igomes/mdk/build/install/lib/bundles/ch.qos.logback.classic_1.0.13.jar:/Users/igomes/mdk/build/install/lib/bundles/ch.qos.logback.core_1.0.13.jar:/Users/igomes/mdk/build/install/lib/bundles/cmof_1.4.0.201704261213/cmof14.jar:/Users/igomes/mdk/build/install/lib/bundles/cmof_1.4.0.201704261213/tas.jar:/Users/igomes/mdk/build/install/lib/bundles/com.esotericsoftware.kryo_2.22.0.201401231130.jar:/Users/igomes/mdk/build/install/lib/bundles/com.google.gson_2.7.0.jar:/Users/igomes/mdk/build/install/lib/bundles/com.google.guava_18.0.0.jar:/Users/igomes/mdk/build/install/lib/bundles/com.nomagic.annotations_1.0.0/com.nomagic.annotation-1.0.jar:/Users/igomes/mdk/build/install/lib/bundles/com.nomagic.ci.binary_17.0.5.v20170426-1207.jar:/Users/igomes/mdk/build/install/lib/bundles/com.nomagic.ci.metamodel.project_17.0.5.v20170426-1207.jar:/Users/igomes/mdk/build/install/lib/bundles/com.nomagic.ci.persistence.local_17.0.5.v20170426-1207.jar:/Users/igomes/mdk/build/install/lib/bundles/com.nomagic.ci.persistence_17.0.5.v20170426-1207.jar:/Users/igomes/mdk/build/install/lib/bundles/com.nomagic.ci.services_17.0.5.v20170426-1207.jar:/Users/igomes/mdk/build/install/lib/bundles/com.nomagic.ci_17.0.5.v20170426-1207.jar:/Users/igomes/mdk/build/install/lib/bundles/com.nomagic.magicdraw.ce_18.1.0.201704261213.jar:/Users/igomes/mdk/build/install/lib/bundles/com.nomagic.magicdraw.core.diagram_18.1.0.201704261213.jar:/Users/igomes/mdk/build/install/lib/bundles/com.nomagic.magicdraw.core.project.options_18.1.0.201704261213.jar:/Users/igomes/mdk/build/install/lib/bundles/com.nomagic.magicdraw.core_1.0.0.201704261213.jar:/Users/igomes/mdk/build/install/lib/bundles/com.nomagic.magicdraw.esi.binary.metamodel_18.1.0.201704261213.jar:/Users/igomes/mdk/build/install/lib/bundles/com.nomagic.magicdraw.esi.esiproject_18.1.0.201704261213.jar:/Users/igomes/mdk/build/install/lib/bundles/com.nomagic.magicdraw.esi.uuidmap_18.1.0.201704261213.jar:/Users/igomes/mdk/build/install/lib/bundles/com.nomagic.magicdraw.foundation_2.0.0.201704261213.jar:/Users/igomes/mdk/build/install/lib/bundles/com.nomagic.magicdraw.osgi.fragment_1.0.0.201704261213.jar:/Users/igomes/mdk/build/install/lib/bundles/com.nomagic.magicdraw.security_18.3.0.201704261213.jar:/Users/igomes/mdk/build/install/lib/bundles/com.nomagic.magicdraw.uml2_2.5.0.201704261213.jar:/Users/igomes/mdk/build/install/lib/bundles/com.nomagic.magicdraw_17.0.5.201704261213.jar:/Users/igomes/mdk/build/install/lib/bundles/com.teamdev.jxbrowser.chromium.internal.linux32_6.13.0.jar:/Users/igomes/mdk/build/install/lib/bundles/com.teamdev.jxbrowser.chromium.internal.linux64_6.13.0.jar:/Users/igomes/mdk/build/install/lib/bundles/com.teamdev.jxbrowser.chromium.internal.mac_6.13.0.jar:/Users/igomes/mdk/build/install/lib/bundles/com.teamdev.jxbrowser.chromium.internal.win32_6.13.0.jar:/Users/igomes/mdk/build/install/lib/bundles/com.teamdev.jxbrowser.chromium_6.13.0.jar:/Users/igomes/mdk/build/install/lib/bundles/com.typesafe.config_1.3.0.jar:/Users/igomes/mdk/build/install/lib/bundles/de.schlichtherle.truezip_7.4.3.v20170426-1207/lib/truezip-driver-zip-7.4.3.jar:/Users/igomes/mdk/build/install/lib/bundles/de.schlichtherle.truezip_7.4.3.v20170426-1207/lib/truezip-kernel-7.4.3.jar:/Users/igomes/mdk/build/install/lib/bundles/gnu.trove_3.0.3/lib/trove-3.0.3.jar:/Users/igomes/mdk/build/install/lib/bundles/io.dropwizard.metrics.core_3.1.2.jar:/Users/igomes/mdk/build/install/lib/bundles/io.netty.buffer_4.0.37.Final.jar:/Users/igomes/mdk/build/install/lib/bundles/io.netty.codec_4.0.37.Final.jar:/Users/igomes/mdk/build/install/lib/bundles/io.netty.common_4.0.37.Final.jar:/Users/igomes/mdk/build/install/lib/bundles/io.netty.handler_4.0.37.Final.jar:/Users/igomes/mdk/build/install/lib/bundles/io.netty.transport_4.0.37.Final.jar:/Users/igomes/mdk/build/install/lib/bundles/javax.jmi_1.0.0.201704261213/javax_jmi-1_0-fr.jar:/Users/igomes/mdk/build/install/lib/bundles/joda-time_2.9.1.jar:/Users/igomes/mdk/build/install/lib/bundles/lz4-java_1.3.0.jar:/Users/igomes/mdk/build/install/lib/bundles/org.apache.commons.codec_1.6.0.v201305230611.jar:/Users/igomes/mdk/build/install/lib/bundles/org.apache.commons.collections_3.2.1.jar:/Users/igomes/mdk/build/install/lib/bundles/org.apache.commons.compress_1.3.0.jar:/Users/igomes/mdk/build/install/lib/bundles/org.apache.commons.io_2.4.0.jar:/Users/igomes/mdk/build/install/lib/bundles/org.apache.commons.lang_2.6.0.v201404270220.jar:/Users/igomes/mdk/build/install/lib/bundles/org.apache.directory.api_1.0.0.jar:/Users/igomes/mdk/build/install/lib/bundles/org.apache.log4j_1.2.15.v201005080500.jar:/Users/igomes/mdk/build/install/lib/bundles/org.apache.servicemix.bundles.jsr305_2.0.1.1.jar:/Users/igomes/mdk/build/install/lib/bundles/org.eclipse.core.contenttype_3.4.200.v20140207-1251.jar:/Users/igomes/mdk/build/install/lib/bundles/org.eclipse.core.jobs_3.6.0.v20140424-0053.jar:/Users/igomes/mdk/build/install/lib/bundles/org.eclipse.core.runtime_3.10.0.v20140318-2214.jar:/Users/igomes/mdk/build/install/lib/bundles/org.eclipse.emf.common_2.10.1.v20140901-1043.jar:/Users/igomes/mdk/build/install/lib/bundles/org.eclipse.emf.ecore.change_2.10.0.v20140901-1043.jar:/Users/igomes/mdk/build/install/lib/bundles/org.eclipse.emf.ecore.xmi_2.10.1.v20140901-1043.jar:/Users/igomes/mdk/build/install/lib/bundles/org.eclipse.emf.ecore_2.10.1.v20140901-1043.jar:/Users/igomes/mdk/build/install/lib/bundles/org.eclipse.emf.edit_2.10.1.v20140901-1055.jar:/Users/igomes/mdk/build/install/lib/bundles/org.eclipse.equinox.app_1.3.200.v20130910-1609.jar:/Users/igomes/mdk/build/install/lib/bundles/org.eclipse.equinox.common_3.6.200.v20130402-1505.jar:/Users/igomes/mdk/build/install/lib/bundles/org.eclipse.equinox.ds_1.4.200.v20131126-2331.jar:/Users/igomes/mdk/build/install/lib/bundles/org.eclipse.equinox.preferences_3.5.200.v20140224-1527.jar:/Users/igomes/mdk/build/install/lib/bundles/org.eclipse.equinox.registry_3.5.400.v20140428-1507.jar:/Users/igomes/mdk/build/install/lib/bundles/org.eclipse.equinox.util_1.0.500.v20130404-1337.jar:/Users/igomes/mdk/build/install/lib/bundles/org.eclipse.osgi.services_3.4.0.v20140312-2051.jar:/Users/igomes/mdk/build/install/lib/bundles/org.eclipse.osgi_3.10.1.v20140909-1633.jar:/Users/igomes/mdk/build/install/lib/bundles/org.eclipse.uml2.common_1.5.0.v200905041045.jar:/Users/igomes/mdk/build/install/lib/bundles/org.hamcrest.core_1.3.0.v201303031735.jar:/Users/igomes/mdk/build/install/lib/bundles/org.jboss.netty_3.10.6.Final.jar:/Users/igomes/mdk/build/install/lib/bundles/org.json_1.0.0.255610281323.jar:/Users/igomes/mdk/build/install/lib/bundles/org.junit_4.11.0.v201303080030/junit.jar:/Users/igomes/mdk/build/install/lib/bundles/org.uncommons.maths_1.2.2.201301151508/lib/uncommons-maths-1.2.2a.jar:/Users/igomes/mdk/build/install/lib/bundles/slf4j.api_1.7.7.jar:/Users/igomes/mdk/build/install/lib/com.nomagic.osgi.launcher-17.0.5-SNAPSHOT.jar:/Users/igomes/mdk/build/install/lib/commons-compress-1.3.jar:/Users/igomes/mdk/build/install/lib/commons-httpclient-3.1.jar:/Users/igomes/mdk/build/install/lib/commons-logging-1.0.4.jar:/Users/igomes/mdk/build/install/lib/concurrent.jar:/Users/igomes/mdk/build/install/lib/EccpressoAll.jar:/Users/igomes/mdk/build/install/lib/ehcache-2.10.1.jar:/Users/igomes/mdk/build/install/lib/flexlm.jar:/Users/igomes/mdk/build/install/lib/graphics/clibwrapper_jiio.jar:/Users/igomes/mdk/build/install/lib/graphics/freehep-base.jar:/Users/igomes/mdk/build/install/lib/graphics/freehep-graphics2d.jar:/Users/igomes/mdk/build/install/lib/graphics/freehep-graphicsio-emf.jar:/Users/igomes/mdk/build/install/lib/graphics/freehep-graphicsio-ps.jar:/Users/igomes/mdk/build/install/lib/graphics/freehep-graphicsio.jar:/Users/igomes/mdk/build/install/lib/graphics/jai_imageio.jar:/Users/igomes/mdk/build/install/lib/gson-2.2.4.jar:/Users/igomes/mdk/build/install/lib/HTMLEditorLight.jar:/Users/igomes/mdk/build/install/lib/javassist.jar:/Users/igomes/mdk/build/install/lib/jhall.jar:/Users/igomes/mdk/build/install/lib/jide-action.jar:/Users/igomes/mdk/build/install/lib/jide-charts.jar:/Users/igomes/mdk/build/install/lib/jide-common.jar:/Users/igomes/mdk/build/install/lib/jide-components.jar:/Users/igomes/mdk/build/install/lib/jide-dock.jar:/Users/igomes/mdk/build/install/lib/jide-editor.jar:/Users/igomes/mdk/build/install/lib/jide-gantt.jar:/Users/igomes/mdk/build/install/lib/jide-grids.jar:/Users/igomes/mdk/build/install/lib/jide-shortcut.jar:/Users/igomes/mdk/build/install/lib/jimi.jar:/Users/igomes/mdk/build/install/lib/jmyspell-core-1.0.0-beta-2.jar:/Users/igomes/mdk/build/install/lib/jna.jar:/Users/igomes/mdk/build/install/lib/jnp-client.jar:/Users/igomes/mdk/build/install/lib/jtidy-sources.zip:/Users/igomes/mdk/build/install/lib/jtidy.jar:/Users/igomes/mdk/build/install/lib/lucene-analyzers-common-4.10.3.jar:/Users/igomes/mdk/build/install/lib/lucene-core-4.10.3.jar:/Users/igomes/mdk/build/install/lib/webservice/axis-config.jar:/Users/igomes/mdk/build/install/lib/webservice/axis.jar:/Users/igomes/mdk/build/install/lib/webservice/commons-discovery-0.2.jar:/Users/igomes/mdk/build/install/lib/webservice/jaxrpc.jar:/Users/igomes/mdk/build/install/lib/webservice/mdserviceclient.jar:/Users/igomes/mdk/build/install/lib/webservice/rsclient.jar:/Users/igomes/mdk/build/install/lib/webservice/wsdl4j-1.5.1.jar:/Users/igomes/mdk/build/install/lib/xalan.jar:/Users/igomes/mdk/build/install/lib/y.jar:/Users/igomes/mdk/build/libs/mdk-3.0.0-rc5-SNAPSHOT-tests.jar:/Users/igomes/.gradle/caches/3.1/workerMain/gradle-worker.jar
java.class.version=52.0
java.endorsed.dirs=/Library/Java/JavaVirtualMachines/jdk1.8.0_101.jdk/Contents/Home/jre/lib/endorsed
java.ext.dirs=/Users/igomes/Library/Java/Extensions:/Library/Java/JavaVirtualMachines/jdk1.8.0_101.jdk/Contents/Home/jre/lib/ext:/Library/Java/Extensions:/Network/Library/Java/Extensions:/System/Library/Java/Extensions:/usr/lib/java
java.home=/Library/Java/JavaVirtualMachines/jdk1.8.0_101.jdk/Contents/Home/jre
java.io.tmpdir=/var/folders/81/j0tmgg79113403vms937g9rx0643_j/T/
java.library.path=/Users/igomes/Library/Java/Extensions:/Library/Java/Extensions:/Network/Library/Java/Extensions:/System/Library/Java/Extensions:/usr/lib/java:.
java.net.preferIPv4Stack=true
java.runtime.name=Java(TM) SE Runtime Environment
java.runtime.version=1.8.0_101-b13
java.specification.name=Java Platform API Specification
java.specification.vendor=Oracle Corporation
java.specification.version=1.8
java.vendor=Oracle Corporation
java.vendor.url=http://java.oracle.com/
java.vendor.url.bug=http://bugreport.sun.com/bugreport/
java.version=1.8.0_101
java.vm.info=mixed mode
java.vm.name=Java HotSpot(TM) 64-Bit Server VM
java.vm.specification.name=Java Virtual Machine Specification
java.vm.specification.vendor=Oracle Corporation
java.vm.specification.version=1.8
java.vm.vendor=Oracle Corporation
java.vm.version=25.101-b13
jsse.enableSNIExtension=false
line.separator=

local.config.dir.ext=-test
log4j.ignoreTCL=true
logback.configurationFile=data/logback.xml
md.class.path=$java.class.path
org.gradle.test.worker=4
org.osgi.framework.executionenvironment=OSGi/Minimum-1.0,OSGi/Minimum-1.1,OSGi/Minimum-1.2,JavaSE/compact1-1.8,JavaSE/compact2-1.8,JavaSE/compact3-1.8,JRE-1.1,J2SE-1.2,J2SE-1.3,J2SE-1.4,J2SE-1.5,JavaSE-1.6,JavaSE-1.7,JavaSE-1.8
org.osgi.framework.language=en
org.osgi.framework.os.name=MacOSX
org.osgi.framework.os.version=10.11.6
org.osgi.framework.processor=x86-64
org.osgi.framework.system.capabilities=osgi.ee; osgi.ee="OSGi/Minimum"; version:List<Version>="1.0, 1.1, 1.2",osgi.ee; osgi.ee="JRE"; version:List<Version>="1.0, 1.1",osgi.ee; osgi.ee="JavaSE"; version:List<Version>="1.0, 1.1, 1.2, 1.3, 1.4, 1.5, 1.6, 1.7, 1.8",osgi.ee; osgi.ee="JavaSE/compact1"; version:List<Version>="1.8",osgi.ee; osgi.ee="JavaSE/compact2"; version:List<Version>="1.8",osgi.ee; osgi.ee="JavaSE/compact3"; version:List<Version>="1.8"
org.osgi.framework.system.packages=javax.accessibility,javax.activation,javax.activity,javax.annotation,javax.annotation.processing,javax.crypto,javax.crypto.interfaces,javax.crypto.spec,javax.imageio,javax.imageio.event,javax.imageio.metadata,javax.imageio.plugins.bmp,javax.imageio.plugins.jpeg,javax.imageio.spi,javax.imageio.stream,javax.jws,javax.jws.soap,javax.lang.model,javax.lang.model.element,javax.lang.model.type,javax.lang.model.util,javax.management,javax.management.loading,javax.management.modelmbean,javax.management.monitor,javax.management.openmbean,javax.management.relation,javax.management.remote,javax.management.remote.rmi,javax.management.timer,javax.naming,javax.naming.directory,javax.naming.event,javax.naming.ldap,javax.naming.spi,javax.net,javax.net.ssl,javax.print,javax.print.attribute,javax.print.attribute.standard,javax.print.event,javax.rmi,javax.rmi.CORBA,javax.rmi.ssl,javax.script,javax.security.auth,javax.security.auth.callback,javax.security.auth.kerberos,javax.security.auth.login,javax.security.auth.spi,javax.security.auth.x500,javax.security.cert,javax.security.sasl,javax.sound.midi,javax.sound.midi.spi,javax.sound.sampled,javax.sound.sampled.spi,javax.sql,javax.sql.rowset,javax.sql.rowset.serial,javax.sql.rowset.spi,javax.swing,javax.swing.border,javax.swing.colorchooser,javax.swing.event,javax.swing.filechooser,javax.swing.plaf,javax.swing.plaf.basic,javax.swing.plaf.metal,javax.swing.plaf.multi,javax.swing.plaf.nimbus,javax.swing.plaf.synth,javax.swing.table,javax.swing.text,javax.swing.text.html,javax.swing.text.html.parser,javax.swing.text.rtf,javax.swing.tree,javax.swing.undo,javax.tools,javax.transaction,javax.transaction.xa,javax.xml,javax.xml.bind,javax.xml.bind.annotation,javax.xml.bind.annotation.adapters,javax.xml.bind.attachment,javax.xml.bind.helpers,javax.xml.bind.util,javax.xml.crypto,javax.xml.crypto.dom,javax.xml.crypto.dsig,javax.xml.crypto.dsig.dom,javax.xml.crypto.dsig.keyinfo,javax.xml.crypto.dsig.spec,javax.xml.datatype,javax.xml.namespace,javax.xml.parsers,javax.xml.soap,javax.xml.stream,javax.xml.stream.events,javax.xml.stream.util,javax.xml.transform,javax.xml.transform.dom,javax.xml.transform.sax,javax.xml.transform.stax,javax.xml.transform.stream,javax.xml.validation,javax.xml.ws,javax.xml.ws.handler,javax.xml.ws.handler.soap,javax.xml.ws.http,javax.xml.ws.soap,javax.xml.ws.spi,javax.xml.ws.spi.http,javax.xml.ws.wsaddressing,javax.xml.xpath,org.ietf.jgss,org.omg.CORBA,org.omg.CORBA_2_3,org.omg.CORBA_2_3.portable,org.omg.CORBA.DynAnyPackage,org.omg.CORBA.ORBPackage,org.omg.CORBA.portable,org.omg.CORBA.TypeCodePackage,org.omg.CosNaming,org.omg.CosNaming.NamingContextExtPackage,org.omg.CosNaming.NamingContextPackage,org.omg.Dynamic,org.omg.DynamicAny,org.omg.DynamicAny.DynAnyFactoryPackage,org.omg.DynamicAny.DynAnyPackage,org.omg.IOP,org.omg.IOP.CodecFactoryPackage,org.omg.IOP.CodecPackage,org.omg.Messaging,org.omg.PortableInterceptor,org.omg.PortableInterceptor.ORBInitInfoPackage,org.omg.PortableServer,org.omg.PortableServer.CurrentPackage,org.omg.PortableServer.POAManagerPackage,org.omg.PortableServer.POAPackage,org.omg.PortableServer.portable,org.omg.PortableServer.ServantLocatorPackage,org.omg.SendingContext,org.omg.stub.java.rmi,org.w3c.dom,org.w3c.dom.bootstrap,org.w3c.dom.css,org.w3c.dom.events,org.w3c.dom.html,org.w3c.dom.ls,org.w3c.dom.ranges,org.w3c.dom.stylesheets,org.w3c.dom.traversal,org.w3c.dom.views,org.w3c.dom.xpath,org.xml.sax,org.xml.sax.ext,org.xml.sax.helpers
org.osgi.framework.uuid=f0f628c5-cb39-0017-1523-a49190d2671f
org.osgi.framework.vendor=Eclipse
org.osgi.framework.version=1.8.0
org.osgi.supports.framework.extension=true
org.osgi.supports.framework.fragment=true
org.osgi.supports.framework.requirebundle=true
os.arch=x86_64
os.name=Mac OS X
os.version=10.11.6
osgi.arch=x86_64
osgi.bundlefile.limit=500
osgi.bundles=reference:file:com.nomagic.magicdraw.osgi.fragment_1.0.0.201704261213.jar,reference:file:ch.qos.logback.classic_1.0.13.jar@4,reference:file:ch.qos.logback.core_1.0.13.jar@4,reference:file:cmof_1.4.0.201704261213/@4,reference:file:com.esotericsoftware.kryo_2.22.0.201401231130.jar@4,reference:file:com.google.gson_2.7.0.jar@4,reference:file:com.google.guava_18.0.0.jar@4,reference:file:com.nomagic.annotations_1.0.0/@4,reference:file:com.nomagic.ci_17.0.5.v20170426-1207.jar@4,reference:file:com.nomagic.ci.binary_17.0.5.v20170426-1207.jar@4,reference:file:com.nomagic.ci.metamodel.project_17.0.5.v20170426-1207.jar@4,reference:file:com.nomagic.ci.persistence_17.0.5.v20170426-1207.jar@4,reference:file:com.nomagic.ci.persistence.local_17.0.5.v20170426-1207.jar@4,reference:file:com.nomagic.ci.services_17.0.5.v20170426-1207.jar@4,reference:file:com.nomagic.esi.api_1.0.0.v20170420-1236.jar@4,reference:file:com.nomagic.esi.client.core_1.0.0.v20170420-1236.jar@4,reference:file:com.nomagic.esi.common_1.0.0.v20170420-1236.jar@4,reference:file:com.nomagic.esi.config_1.0.0.v20170420-1236.jar@4,reference:file:com.nomagic.esi.core.msg_1.0.0.v20170420-1236.jar@4,reference:file:com.nomagic.esi.emf_1.0.0.v20170420-1236.jar@4,reference:file:com.nomagic.esi.kryoregistrations_1.0.0.v20170420-1236.jar@4,reference:file:com.nomagic.esi.net_1.0.0.v20170420-1236.jar@4,reference:file:com.nomagic.esi.net.akkafragment_1.0.0.v20170420-1236.jar@4,reference:file:com.nomagic.esi.serializer_1.0.0.v20170420-1236.jar@4,reference:file:com.nomagic.esi.service.actorsystem_1.0.0.v20170420-1236.jar@4,reference:file:com.nomagic.esi.services_1.0.0.v20170420-1236.jar@4,reference:file:com.nomagic.esi.stream_1.0.0.v20170420-1236.jar@4,reference:file:com.nomagic.esi.supervisor_1.0.0.v20170420-1236.jar@4,reference:file:com.nomagic.magicdraw_17.0.5.201704261213.jar@4,reference:file:com.nomagic.magicdraw.ce_18.1.0.201704261213.jar@4,reference:file:com.nomagic.magicdraw.core_1.0.0.201704261213.jar@4,reference:file:com.nomagic.magicdraw.core.diagram_18.1.0.201704261213.jar@4,reference:file:com.nomagic.magicdraw.core.project.options_18.1.0.201704261213.jar@4,reference:file:com.nomagic.magicdraw.esi.binary.metamodel_18.1.0.201704261213.jar@4,reference:file:com.nomagic.magicdraw.esi.esiproject_18.1.0.201704261213.jar@4,reference:file:com.nomagic.magicdraw.esi.uuidmap_18.1.0.201704261213.jar@4,reference:file:com.nomagic.magicdraw.foundation_2.0.0.201704261213.jar@4,reference:file:com.nomagic.magicdraw.security_18.3.0.201704261213.jar@4,reference:file:com.nomagic.magicdraw.uml2_2.5.0.201704261213.jar@4,reference:file:com.teamdev.jxbrowser.chromium_6.13.0.jar@4,reference:file:com.teamdev.jxbrowser.chromium.internal.linux32_6.13.0.jar@4,reference:file:com.teamdev.jxbrowser.chromium.internal.linux64_6.13.0.jar@4,reference:file:com.teamdev.jxbrowser.chromium.internal.mac_6.13.0.jar@4,reference:file:com.teamdev.jxbrowser.chromium.internal.win32_6.13.0.jar@4,reference:file:com.typesafe.akka.actor_2.4.9.jar@4,reference:file:com.typesafe.akka.cluster_2.4.9.jar@4,reference:file:com.typesafe.akka.cluster.tools_2.4.9.jar@4,reference:file:com.typesafe.akka.contrib_2.4.9.jar@4,reference:file:com.typesafe.akka.osgi_2.4.9.jar@4,reference:file:com.typesafe.akka.protobuf_2.4.9.jar@4,reference:file:com.typesafe.akka.remote_2.4.9.jar@4,reference:file:com.typesafe.akka.slf4j_2.4.9.jar@4,reference:file:com.typesafe.config_1.3.0.jar@4,reference:file:de.schlichtherle.truezip_7.4.3.v20170426-1207/@4,reference:file:gnu.trove_3.0.3/@4,reference:file:io.dropwizard.metrics.core_3.1.2.jar@4,reference:file:io.netty.buffer_4.0.37.Final.jar@4,reference:file:io.netty.codec_4.0.37.Final.jar@4,reference:file:io.netty.common_4.0.37.Final.jar@4,reference:file:io.netty.handler_4.0.37.Final.jar@4,reference:file:io.netty.transport_4.0.37.Final.jar@4,reference:file:javax.jmi_1.0.0.201704261213/@4,reference:file:joda-time_2.9.1.jar@4,reference:file:lz4-java_1.3.0.jar@4,reference:file:org.apache.commons.codec_1.6.0.v201305230611.jar@4,reference:file:org.apache.commons.collections_3.2.1.jar@4,reference:file:org.apache.commons.compress_1.3.0.jar@4,reference:file:org.apache.commons.io_2.4.0.jar@4,reference:file:org.apache.commons.lang_2.6.0.v201404270220.jar@4,reference:file:org.apache.directory.api_1.0.0.jar@4,reference:file:org.apache.log4j_1.2.15.v201005080500.jar@4,reference:file:org.apache.servicemix.bundles.jsr305_2.0.1.1.jar@4,reference:file:org.eclipse.core.contenttype_3.4.200.v20140207-1251.jar@4,reference:file:org.eclipse.core.jobs_3.6.0.v20140424-0053.jar@4,reference:file:org.eclipse.core.runtime_3.10.0.v20140318-2214.jar@4:start,reference:file:org.eclipse.emf.common_2.10.1.v20140901-1043.jar@4,reference:file:org.eclipse.emf.ecore_2.10.1.v20140901-1043.jar@4,reference:file:org.eclipse.emf.ecore.change_2.10.0.v20140901-1043.jar@4,reference:file:org.eclipse.emf.ecore.xmi_2.10.1.v20140901-1043.jar@4,reference:file:org.eclipse.emf.edit_2.10.1.v20140901-1055.jar@4,reference:file:org.eclipse.equinox.app_1.3.200.v20130910-1609.jar@4,reference:file:org.eclipse.equinox.common_3.6.200.v20130402-1505.jar@2:start,reference:file:org.eclipse.equinox.ds_1.4.200.v20131126-2331.jar@1:start,reference:file:org.eclipse.equinox.preferences_3.5.200.v20140224-1527.jar@4,reference:file:org.eclipse.equinox.registry_3.5.400.v20140428-1507.jar@4,reference:file:org.eclipse.equinox.util_1.0.500.v20130404-1337.jar@4,reference:file:org.eclipse.osgi.services_3.4.0.v20140312-2051.jar@4,reference:file:org.eclipse.uml2.common_1.5.0.v200905041045.jar@4,reference:file:org.hamcrest.core_1.3.0.v201303031735.jar@4,reference:file:org.jboss.netty_3.10.6.Final.jar@4,reference:file:org.json_1.0.0.255610281323.jar@4,reference:file:org.junit_4.11.0.v201303080030/@4,reference:file:org.scala-lang.modules.scala-java8-compat_0.7.0.jar@4,reference:file:org.scala-lang.scala-library_2.11.8.v20160304-115712-1706a37eb8.jar@4,reference:file:org.uncommons.maths_1.2.2.201301151508/@4,reference:file:slf4j.api_1.7.7.jar@4
osgi.bundles.defaultStartLevel=4
osgi.checkConfiguration=true
osgi.clean=true
osgi.compatibility.bootdelegation=true
osgi.configuration.area=file:/Users/igomes/.magicdraw-test/18.5/configuration/
osgi.framework=file:/Users/igomes/mdk/build/install/lib/bundles/org.eclipse.osgi_3.10.1.v20140909-1633.jar
osgi.framework.extensions=reference:file:com.nomagic.magicdraw.osgi.fragment_1.0.0.201704261213.jar
osgi.framework.useSystemProperties=true
osgi.install.area=file:/Users/igomes/mdk/build/install/lib/bundles/
osgi.logfile=/Users/igomes/.magicdraw-test/18.5/configuration/1494893300442.log
osgi.nl=en_US
osgi.os=macosx
osgi.sharedConfiguration.area=file:configuration/
osgi.syspath=/Users/igomes/mdk/build/install/lib/bundles
osgi.ws=cocoa
path.separator=:
profiler.disable.auto.checker=true
sun.arch.data.model=64
sun.awt.enableExtraMouseButtons=true
sun.boot.class.path=/Library/Java/JavaVirtualMachines/jdk1.8.0_101.jdk/Contents/Home/jre/lib/resources.jar:/Library/Java/JavaVirtualMachines/jdk1.8.0_101.jdk/Contents/Home/jre/lib/rt.jar:/Library/Java/JavaVirtualMachines/jdk1.8.0_101.jdk/Contents/Home/jre/lib/sunrsasign.jar:/Library/Java/JavaVirtualMachines/jdk1.8.0_101.jdk/Contents/Home/jre/lib/jsse.jar:/Library/Java/JavaVirtualMachines/jdk1.8.0_101.jdk/Contents/Home/jre/lib/jce.jar:/Library/Java/JavaVirtualMachines/jdk1.8.0_101.jdk/Contents/Home/jre/lib/charsets.jar:/Library/Java/JavaVirtualMachines/jdk1.8.0_101.jdk/Contents/Home/jre/lib/jfr.jar:/Library/Java/JavaVirtualMachines/jdk1.8.0_101.jdk/Contents/Home/jre/classes
sun.boot.library.path=/Library/Java/JavaVirtualMachines/jdk1.8.0_101.jdk/Contents/Home/jre/lib
sun.cpu.endian=little
sun.cpu.isalist=
sun.font.fontmanager=sun.font.CFontManager
sun.io.unicode.encoding=UnicodeBig
sun.java.command=/Users/igomes/mdk/build/libs/mdk-3.0.0-rc5-SNAPSHOT-tests-hack.jar -cp /Users/igomes/mdk/build/generated-dist/plugins/gov.nasa.jpl.cae.magicdraw.mdk/activemq-all-5.9.1.jar:/Users/igomes/mdk/build/generated-dist/plugins/gov.nasa.jpl.cae.magicdraw.mdk/btf-1.2.jar:/Users/igomes/mdk/build/generated-dist/plugins/gov.nasa.jpl.cae.magicdraw.mdk/commons-codec-1.9.jar:/Users/igomes/mdk/build/generated-dist/plugins/gov.nasa.jpl.cae.magicdraw.mdk/commons-io-1.3.2.jar:/Users/igomes/mdk/build/generated-dist/plugins/gov.nasa.jpl.cae.magicdraw.mdk/commons-logging-1.2.jar:/Users/igomes/mdk/build/generated-dist/plugins/gov.nasa.jpl.cae.magicdraw.mdk/guava-16.0.1.jar:/Users/igomes/mdk/build/generated-dist/plugins/gov.nasa.jpl.cae.magicdraw.mdk/httpclient-4.5.2.jar:/Users/igomes/mdk/build/generated-dist/plugins/gov.nasa.jpl.cae.magicdraw.mdk/httpcore-4.4.4.jar:/Users/igomes/mdk/build/generated-dist/plugins/gov.nasa.jpl.cae.magicdraw.mdk/httpmime-4.5.2.jar:/Users/igomes/mdk/build/generated-dist/plugins/gov.nasa.jpl.cae.magicdraw.mdk/jackson-annotations-2.8.0.jar:/Users/igomes/mdk/build/generated-dist/plugins/gov.nasa.jpl.cae.magicdraw.mdk/jackson-core-2.8.3.jar:/Users/igomes/mdk/build/generated-dist/plugins/gov.nasa.jpl.cae.magicdraw.mdk/jackson-coreutils-1.6.jar:/Users/igomes/mdk/build/generated-dist/plugins/gov.nasa.jpl.cae.magicdraw.mdk/jackson-databind-2.8.3.jar:/Users/igomes/mdk/build/generated-dist/plugins/gov.nasa.jpl.cae.magicdraw.mdk/jgrapht-0.8.3.jar:/Users/igomes/mdk/build/generated-dist/plugins/gov.nasa.jpl.cae.magicdraw.mdk/json-patch-1.13.jar:/Users/igomes/mdk/build/generated-dist/plugins/gov.nasa.jpl.cae.magicdraw.mdk/json-simple-1.1.jar:/Users/igomes/mdk/build/generated-dist/plugins/gov.nasa.jpl.cae.magicdraw.mdk/jsoup-1.6.1.jar:/Users/igomes/mdk/build/generated-dist/plugins/gov.nasa.jpl.cae.magicdraw.mdk/jsr305-2.0.1.jar:/Users/igomes/mdk/build/generated-dist/plugins/gov.nasa.jpl.cae.magicdraw.mdk/log4j-1.2.17.jar:/Users/igomes/mdk/build/generated-dist/plugins/gov.nasa.jpl.cae.magicdraw.mdk/lpg.runtime.java_2.0.17.v201004271640.jar:/Users/igomes/mdk/build/generated-dist/plugins/gov.nasa.jpl.cae.magicdraw.mdk/mdk-3.0.0-rc5-SNAPSHOT.jar:/Users/igomes/mdk/build/generated-dist/plugins/gov.nasa.jpl.cae.magicdraw.mdk/msg-simple-1.1.jar:/Users/igomes/mdk/build/generated-dist/plugins/gov.nasa.jpl.cae.magicdraw.mdk/opencsv-2.3.jar:/Users/igomes/mdk/build/generated-dist/plugins/gov.nasa.jpl.cae.magicdraw.mdk/org.eclipse.ocl.common.ui_1.3.100.v20160613-1351.jar:/Users/igomes/mdk/build/generated-dist/plugins/gov.nasa.jpl.cae.magicdraw.mdk/org.eclipse.ocl.common_1.4.100.v20160613-1351.jar:/Users/igomes/mdk/build/generated-dist/plugins/gov.nasa.jpl.cae.magicdraw.mdk/org.eclipse.ocl.ecore_3.6.100.v20160613-1351.jar:/Users/igomes/mdk/build/generated-dist/plugins/gov.nasa.jpl.cae.magicdraw.mdk/org.eclipse.ocl_3.6.100.v20160613-1351.jar:/Users/igomes/mdk/build/generated-dist/plugins/gov.nasa.jpl.cae.magicdraw.mdk/slf4j-api-1.7.2.jar:/Users/igomes/mdk/build/generated-dist/plugins/gov.nasa.jpl.cae.magicdraw.mdk/slf4j-log4j12-1.7.2.jar:/Users/igomes/mdk/build/generated-dist/plugins/gov.nasa.jpl.cae.magicdraw.mdk/swingx-all-1.6.4.jar:/Users/igomes/mdk/build/install/lib/patch.jar:/Users/igomes/mdk/build/install/lib/md.jar:/Users/igomes/mdk/build/install/lib/md_api.jar:/Users/igomes/mdk/build/install/lib/md_common.jar:/Users/igomes/mdk/build/install/lib/md_common_api.jar:/Users/igomes/mdk/build/install/lib/md_common_test.jar:/Users/igomes/mdk/build/install/lib/tw_common.jar:/Users/igomes/mdk/build/install/lib/tw_common_api.jar:/Users/igomes/mdk/build/install/lib/launcher.jar:/Users/igomes/mdk/build/install/lib/activation.jar:/Users/igomes/mdk/build/install/lib/annotation.jar:/Users/igomes/mdk/build/install/lib/batik.jar:/Users/igomes/mdk/build/install/lib/bundles/ch.qos.logback.classic_1.0.13.jar:/Users/igomes/mdk/build/install/lib/bundles/ch.qos.logback.core_1.0.13.jar:/Users/igomes/mdk/build/install/lib/bundles/cmof_1.4.0.201704261213/cmof14.jar:/Users/igomes/mdk/build/install/lib/bundles/cmof_1.4.0.201704261213/tas.jar:/Users/igomes/mdk/build/install/lib/bundles/com.esotericsoftware.kryo_2.22.0.201401231130.jar:/Users/igomes/mdk/build/install/lib/bundles/com.google.gson_2.7.0.jar:/Users/igomes/mdk/build/install/lib/bundles/com.google.guava_18.0.0.jar:/Users/igomes/mdk/build/install/lib/bundles/com.nomagic.annotations_1.0.0/com.nomagic.annotation-1.0.jar:/Users/igomes/mdk/build/install/lib/bundles/com.nomagic.ci.binary_17.0.5.v20170426-1207.jar:/Users/igomes/mdk/build/install/lib/bundles/com.nomagic.ci.metamodel.project_17.0.5.v20170426-1207.jar:/Users/igomes/mdk/build/install/lib/bundles/com.nomagic.ci.persistence.local_17.0.5.v20170426-1207.jar:/Users/igomes/mdk/build/install/lib/bundles/com.nomagic.ci.persistence_17.0.5.v20170426-1207.jar:/Users/igomes/mdk/build/install/lib/bundles/com.nomagic.ci.services_17.0.5.v20170426-1207.jar:/Users/igomes/mdk/build/install/lib/bundles/com.nomagic.ci_17.0.5.v20170426-1207.jar:/Users/igomes/mdk/build/install/lib/bundles/com.nomagic.magicdraw.ce_18.1.0.201704261213.jar:/Users/igomes/mdk/build/install/lib/bundles/com.nomagic.magicdraw.core.diagram_18.1.0.201704261213.jar:/Users/igomes/mdk/build/install/lib/bundles/com.nomagic.magicdraw.core.project.options_18.1.0.201704261213.jar:/Users/igomes/mdk/build/install/lib/bundles/com.nomagic.magicdraw.core_1.0.0.201704261213.jar:/Users/igomes/mdk/build/install/lib/bundles/com.nomagic.magicdraw.esi.binary.metamodel_18.1.0.201704261213.jar:/Users/igomes/mdk/build/install/lib/bundles/com.nomagic.magicdraw.esi.esiproject_18.1.0.201704261213.jar:/Users/igomes/mdk/build/install/lib/bundles/com.nomagic.magicdraw.esi.uuidmap_18.1.0.201704261213.jar:/Users/igomes/mdk/build/install/lib/bundles/com.nomagic.magicdraw.foundation_2.0.0.201704261213.jar:/Users/igomes/mdk/build/install/lib/bundles/com.nomagic.magicdraw.osgi.fragment_1.0.0.201704261213.jar:/Users/igomes/mdk/build/install/lib/bundles/com.nomagic.magicdraw.security_18.3.0.201704261213.jar:/Users/igomes/mdk/build/install/lib/bundles/com.nomagic.magicdraw.uml2_2.5.0.201704261213.jar:/Users/igomes/mdk/build/install/lib/bundles/com.nomagic.magicdraw_17.0.5.201704261213.jar:/Users/igomes/mdk/build/install/lib/bundles/com.teamdev.jxbrowser.chromium.internal.linux32_6.13.0.jar:/Users/igomes/mdk/build/install/lib/bundles/com.teamdev.jxbrowser.chromium.internal.linux64_6.13.0.jar:/Users/igomes/mdk/build/install/lib/bundles/com.teamdev.jxbrowser.chromium.internal.mac_6.13.0.jar:/Users/igomes/mdk/build/install/lib/bundles/com.teamdev.jxbrowser.chromium.internal.win32_6.13.0.jar:/Users/igomes/mdk/build/install/lib/bundles/com.teamdev.jxbrowser.chromium_6.13.0.jar:/Users/igomes/mdk/build/install/lib/bundles/com.typesafe.config_1.3.0.jar:/Users/igomes/mdk/build/install/lib/bundles/de.schlichtherle.truezip_7.4.3.v20170426-1207/lib/truezip-driver-zip-7.4.3.jar:/Users/igomes/mdk/build/install/lib/bundles/de.schlichtherle.truezip_7.4.3.v20170426-1207/lib/truezip-kernel-7.4.3.jar:/Users/igomes/mdk/build/install/lib/bundles/gnu.trove_3.0.3/lib/trove-3.0.3.jar:/Users/igomes/mdk/build/install/lib/bundles/io.dropwizard.metrics.core_3.1.2.jar:/Users/igomes/mdk/build/install/lib/bundles/io.netty.buffer_4.0.37.Final.jar:/Users/igomes/mdk/build/install/lib/bundles/io.netty.codec_4.0.37.Final.jar:/Users/igomes/mdk/build/install/lib/bundles/io.netty.common_4.0.37.Final.jar:/Users/igomes/mdk/build/install/lib/bundles/io.netty.handler_4.0.37.Final.jar:/Users/igomes/mdk/build/install/lib/bundles/io.netty.transport_4.0.37.Final.jar:/Users/igomes/mdk/build/install/lib/bundles/javax.jmi_1.0.0.201704261213/javax_jmi-1_0-fr.jar:/Users/igomes/mdk/build/install/lib/bundles/joda-time_2.9.1.jar:/Users/igomes/mdk/build/install/lib/bundles/lz4-java_1.3.0.jar:/Users/igomes/mdk/build/install/lib/bundles/org.apache.commons.codec_1.6.0.v201305230611.jar:/Users/igomes/mdk/build/install/lib/bundles/org.apache.commons.collections_3.2.1.jar:/Users/igomes/mdk/build/install/lib/bundles/org.apache.commons.compress_1.3.0.jar:/Users/igomes/mdk/build/install/lib/bundles/org.apache.commons.io_2.4.0.jar:/Users/igomes/mdk/build/install/lib/bundles/org.apache.commons.lang_2.6.0.v201404270220.jar:/Users/igomes/mdk/build/install/lib/bundles/org.apache.directory.api_1.0.0.jar:/Users/igomes/mdk/build/install/lib/bundles/org.apache.log4j_1.2.15.v201005080500.jar:/Users/igomes/mdk/build/install/lib/bundles/org.apache.servicemix.bundles.jsr305_2.0.1.1.jar:/Users/igomes/mdk/build/install/lib/bundles/org.eclipse.core.contenttype_3.4.200.v20140207-1251.jar:/Users/igomes/mdk/build/install/lib/bundles/org.eclipse.core.jobs_3.6.0.v20140424-0053.jar:/Users/igomes/mdk/build/install/lib/bundles/org.eclipse.core.runtime_3.10.0.v20140318-2214.jar:/Users/igomes/mdk/build/install/lib/bundles/org.eclipse.emf.common_2.10.1.v20140901-1043.jar:/Users/igomes/mdk/build/install/lib/bundles/org.eclipse.emf.ecore.change_2.10.0.v20140901-1043.jar:/Users/igomes/mdk/build/install/lib/bundles/org.eclipse.emf.ecore.xmi_2.10.1.v20140901-1043.jar:/Users/igomes/mdk/build/install/lib/bundles/org.eclipse.emf.ecore_2.10.1.v20140901-1043.jar:/Users/igomes/mdk/build/install/lib/bundles/org.eclipse.emf.edit_2.10.1.v20140901-1055.jar:/Users/igomes/mdk/build/install/lib/bundles/org.eclipse.equinox.app_1.3.200.v20130910-1609.jar:/Users/igomes/mdk/build/install/lib/bundles/org.eclipse.equinox.common_3.6.200.v20130402-1505.jar:/Users/igomes/mdk/build/install/lib/bundles/org.eclipse.equinox.ds_1.4.200.v20131126-2331.jar:/Users/igomes/mdk/build/install/lib/bundles/org.eclipse.equinox.preferences_3.5.200.v20140224-1527.jar:/Users/igomes/mdk/build/install/lib/bundles/org.eclipse.equinox.registry_3.5.400.v20140428-1507.jar:/Users/igomes/mdk/build/install/lib/bundles/org.eclipse.equinox.util_1.0.500.v20130404-1337.jar:/Users/igomes/mdk/build/install/lib/bundles/org.eclipse.osgi.services_3.4.0.v20140312-2051.jar:/Users/igomes/mdk/build/install/lib/bundles/org.eclipse.osgi_3.10.1.v20140909-1633.jar:/Users/igomes/mdk/build/install/lib/bundles/org.eclipse.uml2.common_1.5.0.v200905041045.jar:/Users/igomes/mdk/build/install/lib/bundles/org.hamcrest.core_1.3.0.v201303031735.jar:/Users/igomes/mdk/build/install/lib/bundles/org.jboss.netty_3.10.6.Final.jar:/Users/igomes/mdk/build/install/lib/bundles/org.json_1.0.0.255610281323.jar:/Users/igomes/mdk/build/install/lib/bundles/org.junit_4.11.0.v201303080030/junit.jar:/Users/igomes/mdk/build/install/lib/bundles/org.uncommons.maths_1.2.2.201301151508/lib/uncommons-maths-1.2.2a.jar:/Users/igomes/mdk/build/install/lib/bundles/slf4j.api_1.7.7.jar:/Users/igomes/mdk/build/install/lib/com.nomagic.osgi.launcher-17.0.5-SNAPSHOT.jar:/Users/igomes/mdk/build/install/lib/commons-compress-1.3.jar:/Users/igomes/mdk/build/install/lib/commons-httpclient-3.1.jar:/Users/igomes/mdk/build/install/lib/commons-logging-1.0.4.jar:/Users/igomes/mdk/build/install/lib/concurrent.jar:/Users/igomes/mdk/build/install/lib/EccpressoAll.jar:/Users/igomes/mdk/build/install/lib/ehcache-2.10.1.jar:/Users/igomes/mdk/build/install/lib/flexlm.jar:/Users/igomes/mdk/build/install/lib/graphics/clibwrapper_jiio.jar:/Users/igomes/mdk/build/install/lib/graphics/freehep-base.jar:/Users/igomes/mdk/build/install/lib/graphics/freehep-graphics2d.jar:/Users/igomes/mdk/build/install/lib/graphics/freehep-graphicsio-emf.jar:/Users/igomes/mdk/build/install/lib/graphics/freehep-graphicsio-ps.jar:/Users/igomes/mdk/build/install/lib/graphics/freehep-graphicsio.jar:/Users/igomes/mdk/build/install/lib/graphics/jai_imageio.jar:/Users/igomes/mdk/build/install/lib/gson-2.2.4.jar:/Users/igomes/mdk/build/install/lib/HTMLEditorLight.jar:/Users/igomes/mdk/build/install/lib/javassist.jar:/Users/igomes/mdk/build/install/lib/jhall.jar:/Users/igomes/mdk/build/install/lib/jide-action.jar:/Users/igomes/mdk/build/install/lib/jide-charts.jar:/Users/igomes/mdk/build/install/lib/jide-common.jar:/Users/igomes/mdk/build/install/lib/jide-components.jar:/Users/igomes/mdk/build/install/lib/jide-dock.jar:/Users/igomes/mdk/build/install/lib/jide-editor.jar:/Users/igomes/mdk/build/install/lib/jide-gantt.jar:/Users/igomes/mdk/build/install/lib/jide-grids.jar:/Users/igomes/mdk/build/install/lib/jide-shortcut.jar:/Users/igomes/mdk/build/install/lib/jimi.jar:/Users/igomes/mdk/build/install/lib/jmyspell-core-1.0.0-beta-2.jar:/Users/igomes/mdk/build/install/lib/jna.jar:/Users/igomes/mdk/build/install/lib/jnp-client.jar:/Users/igomes/mdk/build/install/lib/jtidy-sources.zip:/Users/igomes/mdk/build/install/lib/jtidy.jar:/Users/igomes/mdk/build/install/lib/lucene-analyzers-common-4.10.3.jar:/Users/igomes/mdk/build/install/lib/lucene-core-4.10.3.jar:/Users/igomes/mdk/build/install/lib/webservice/axis-config.jar:/Users/igomes/mdk/build/install/lib/webservice/axis.jar:/Users/igomes/mdk/build/install/lib/webservice/commons-discovery-0.2.jar:/Users/igomes/mdk/build/install/lib/webservice/jaxrpc.jar:/Users/igomes/mdk/build/install/lib/webservice/mdserviceclient.jar:/Users/igomes/mdk/build/install/lib/webservice/rsclient.jar:/Users/igomes/mdk/build/install/lib/webservice/wsdl4j-1.5.1.jar:/Users/igomes/mdk/build/install/lib/xalan.jar:/Users/igomes/mdk/build/install/lib/y.jar:/Users/igomes/mdk/build/libs/mdk-3.0.0-rc5-SNAPSHOT-tests.jar -noverify -splash:data/splash.png -Dfile.encoding=UTF-8 -Duser.country=US -Duser.language=en -Duser.variant -ea -cp /Users/igomes/.gradle/caches/3.1/workerMain/gradle-worker.jar worker.org.gradle.process.internal.worker.GradleWorkerMain 'Gradle Test Executor 4'
sun.java.launcher=SUN_STANDARD
sun.jnu.encoding=UTF-8
sun.locale.formatasdefault=true
sun.management.compiler=HotSpot 64-Bit Tiered Compilers
sun.nio.ch.bugLevel=
sun.os.patch.level=unknown
user.country=US
user.dir=/Users/igomes/mdk/build/install
user.home=/Users/igomes
user.language=en
user.name=igomes
user.timezone=America/Los_Angeles
Using threads number 8 
Configuration files=/Users/igomes/.magicdraw-test/18.5/
Application arguments are [TESTER]
Retina scale factor - 2
Cache directory /Users/igomes/.magicdraw-test/18.5/cache
Resolution scale factor - 1.0
ThreadMonitoringService started.
Version Info: 18.5 SP1 Enterprise Commercial Floating
2017-05-15 17:08:42,359 [Test worker] INFO  com.nomagic.datahub.tools.httpds.HttpDsClient - Set datahub.hpalm.debug to false
2017-05-15 17:08:42,359 [Test worker] INFO  com.nomagic.datahub.tools.httpds.HttpDsClient - Set datahub.hpalm.max_connection to 5
2017-05-15 17:08:42,359 [Test worker] INFO  com.nomagic.datahub.tools.httpds.HttpDsClient - Set datahub.hpalm.max_worker to 16
2017-05-15 17:08:42,361 [Test worker] INFO  com.nomagic.datahub.tools.httpds.HttpDsClient - Set datahub.hpalm.defect_page_size to 0
2017-05-15 17:08:42,362 [Test worker] INFO  com.nomagic.datahub.tools.magicdraw.CameoDataHubPlugin - Register plugin com.nomagic.datahub.tools.hpalm.HpAlmPlugin type C1_DRIVERS
2017-05-15 17:08:42,362 [Test worker] INFO  com.nomagic.datahub.tools.magicdraw.CameoDataHubPlugin - Register plugin com.nomagic.datahub.tools.magicdraw.dh185gaa.dh185gac.dh185gag type C1_DRIVERS
2017-05-15 17:08:42,364 [Test worker] INFO  com.nomagic.datahub.tools.magicdraw.CameoDataHubPlugin - Register plugin com.nomagic.datahub.tools.csv.CSVAdapterHost type C1_DRIVERS
2017-05-15 17:08:42,369 [Test worker] INFO  com.nomagic.datahub.tools.httpds.HttpDsClient - Set datahub.doorsng.debug to false
2017-05-15 17:08:42,369 [Test worker] INFO  com.nomagic.datahub.tools.httpds.HttpDsClient - Set datahub.doorsng.max_connection to 5
2017-05-15 17:08:42,369 [Test worker] INFO  com.nomagic.datahub.tools.httpds.HttpDsClient - Set datahub.doorsng.max_worker to 16
2017-05-15 17:08:42,371 [Test worker] INFO  com.nomagic.datahub.tools.httpds.HttpDsClient - Set datahub.doorsng.skip_burst_read to false
2017-05-15 17:08:42,371 [Test worker] INFO  com.nomagic.datahub.tools.magicdraw.CameoDataHubPlugin - Register plugin com.nomagic.datahub.tools.doorsng.DngPlugin type C1_DRIVERS
2017-05-15 17:08:42,372 [Test worker] INFO  com.nomagic.datahub.tools.magicdraw.CameoDataHubPlugin - Register plugin com.nomagic.datahub.tools.doors.DoorsPlugin type C1_DRIVERS
2017-05-15 17:08:42,374 [Test worker] INFO  com.nomagic.datahub.tools.magicdraw.CameoDataHubPlugin - Register plugin com.nomagic.datahub.tools.doorsng.DngUIPlugin type C2_UI
2017-05-15 17:08:42,375 [Test worker] INFO  com.nomagic.datahub.tools.magicdraw.CameoDataHubPlugin - Register plugin com.nomagic.datahub.deployer.DeployerActivator type C2_UI
2017-05-15 17:08:42,376 [Test worker] INFO  com.nomagic.datahub.tools.magicdraw.CameoDataHubPlugin - Register plugin com.nomagic.datahub.migration.MigrationActivator type C2_UI
2017-05-15 17:08:42,384 [Test worker] INFO  com.nomagic.datahub.tools.magicdraw.CameoDataHubPlugin - Found ITransportServiceProvider: com.nomagic.datahub.transport.intravm.IntraVMTransportProvider
2017-05-15 17:08:42,385 [Test worker] INFO  com.nomagic.datahub.service.ServiceRegistry - Initialize DataHub services for MagicDraw, id = MagicDraw
Shell is running on port 50444
ElementGroup
Conform
Expose
]]></system-out>
    <system-err><![CDATA[log4j:ERROR Could not find value for key log4j.appender.TRACE
log4j:ERROR Could not instantiate appender named "TRACE".
May 15, 2017 5:08:31 PM java.util.jar.Attributes read
WARNING: Duplicate name in Manifest: Created-By.
Ensure that the manifest does not have duplicate entries, and
that blank lines separate individual sections in both your
manifest and in the META-INF/MANIFEST.MF entry in the jar file.
log4j:WARN No appenders could be found for logger (com.nomagic.datahub.tools.magicdraw.CameoDataHubPlugin).
log4j:WARN Please initialize the log4j system properly.
log4j:WARN See http://logging.apache.org/log4j/1.2/faq.html#noconfig for more info.
log4j:WARN File option not set for appender [DHMAIN].
log4j:WARN Are you using FileAppender instead of ConsoleAppender?
[WARN] JavaUtils - Unable to find required classes (javax.activation.DataHandler and javax.mail.internet.MimeMultipart). Attachment support is disabled.
Graphics2D from BufferedImage lacks BUFFERED_IMAGE hint
Graphics2D from BufferedImage lacks BUFFERED_IMAGE hint
Graphics2D from BufferedImage lacks BUFFERED_IMAGE hint
Graphics2D from BufferedImage lacks BUFFERED_IMAGE hint
Graphics2D from BufferedImage lacks BUFFERED_IMAGE hint
Graphics2D from BufferedImage lacks BUFFERED_IMAGE hint
Graphics2D from BufferedImage lacks BUFFERED_IMAGE hint
Graphics2D from BufferedImage lacks BUFFERED_IMAGE hint
Graphics2D from BufferedImage lacks BUFFERED_IMAGE hint
Graphics2D from BufferedImage lacks BUFFERED_IMAGE hint
Graphics2D from BufferedImage lacks BUFFERED_IMAGE hint
Graphics2D from BufferedImage lacks BUFFERED_IMAGE hint
Graphics2D from BufferedImage lacks BUFFERED_IMAGE hint
Graphics2D from BufferedImage lacks BUFFERED_IMAGE hint
Graphics2D from BufferedImage lacks BUFFERED_IMAGE hint
Graphics2D from BufferedImage lacks BUFFERED_IMAGE hint
Graphics2D from BufferedImage lacks BUFFERED_IMAGE hint
Graphics2D from BufferedImage lacks BUFFERED_IMAGE hint
Graphics2D from BufferedImage lacks BUFFERED_IMAGE hint
Graphics2D from BufferedImage lacks BUFFERED_IMAGE hint
]]></system-err>
</testsuite>
